Arguments: 
  D:\Program Files\nodejs\node.exe D:\Program Files (x86)\Yarn\bin\yarn.js add lodash

PATH: 
  C:\Program Files (x86)\Common Files\Oracle\Java\javapath;C:\WINDOWS\system32;C:\WINDOWS;C:\WINDOWS\System32\Wbem;C:\WINDOWS\System32\WindowsPowerShell\v1.0\;C:\WINDOWS\System32\OpenSSH\;C:\Program Files\Intel\WiFi\bin\;C:\Program Files\Common Files\Intel\WirelessCommon\;D:\Program Files\nodejs\node_modules;D:\Program Files\nodejs\node_cache;C:\Program Files\TortoiseGit\bin;D:\Program Files\Git\cmd;D:\Program Files (x86)\Yarn\bin\;D:\Program Files\nodejs\;D:\Program Files (x86)\Tencent\微信web开发者工具\dll;C:\Users\yangfeng\.cargo\bin;C:\Users\yangfeng\AppData\Local\Microsoft\WindowsApps;C:\Users\yangfeng\AppData\Local\Programs\Microsoft VS Code\bin;C:\Users\yangfeng\AppData\Local\Yarn\bin;D:\Program Files\Git\bin;C:\Users\yangfeng\AppData\Roaming\npm;D:\flutter\bin;D:\sdk;D:\sdk\platform-tools;D:\sdk\emulator;D:\sdk\tools;D:\sdk\tools\bin;C:\Program Files\Java\jdk-11.0.6\bin;C:\Program Files\Java\jdk-11.0.6\jre\bin;D:\Program Files (x86)\mingw64\bin;D:\MongoDB\Server\5.0\bin;

Yarn version: 
  1.22.5

Node version: 
  16.14.0

Platform: 
  win32 x64

Trace: 
  Error: EEXIST: file already exists, mkdir 'F:\umi4\lance-music\node_modules\eslint-plugin-jest\node_modules\@typescript-eslint'

npm manifest: 
  {
    "private": true,
    "scripts": {
      "dev": "max dev",
      "build": "max build",
      "postinstall": "max setup",
      "start": "npm run dev"
    },
    "dependencies": {
      "@ant-design/icons": "^4.7.0",
      "@ant-design/pro-components": "^1.1.3",
      "@umijs/max": "^4.0.0-rc.22",
      "antd": "^4.20.7"
    },
    "devDependencies": {
      "@types/react": "^18.0.0",
      "@types/react-dom": "^18.0.0",
      "typescript": "^4.1.2",
      "prettier": "^2",
      "prettier-plugin-organize-imports": "^2",
      "prettier-plugin-packagejson": "^2"
    }
  }

yarn manifest: 
  No manifest

Lockfile: 
  No lockfile
